2023-05-25 16:05:506 INFO  HomePage :23 - Click on Login Button [[ChromeDriver: chrome on WINDOWS (f561de45b600c005b3198ba72943dc83)] -> xpath: //button[normalize-space()='Bank Manager Login']]
2023-05-25 16:05:118 INFO  BankManagerLoginPage :24 - Click on Add customer Button [[ChromeDriver: chrome on WINDOWS (f561de45b600c005b3198ba72943dc83)] -> xpath: //button[normalize-space()='Add Customer']]
2023-05-25 16:05:623 INFO  AddCustomerPage :32 - Send text to name field: [[ChromeDriver: chrome on WINDOWS (f561de45b600c005b3198ba72943dc83)] -> xpath: //input[@placeholder='First Name']]
2023-05-25 16:05:845 INFO  AddCustomerPage :38 - Send text to Lastname field: [[ChromeDriver: chrome on WINDOWS (f561de45b600c005b3198ba72943dc83)] -> xpath: //input[@placeholder='Last Name']]
2023-05-25 16:05:136 INFO  AddCustomerPage :44 - Send text to Postcode field: [[ChromeDriver: chrome on WINDOWS (f561de45b600c005b3198ba72943dc83)] -> xpath: //input[@placeholder='Post Code']]
2023-05-25 16:05:268 INFO  AddCustomerPage :49 - Click on add Customer Button [[ChromeDriver: chrome on WINDOWS (f561de45b600c005b3198ba72943dc83)] -> xpath: //button[@type='submit']]
2023-05-25 16:05:878 INFO  HomePage :29 - Click on Login Button [[ChromeDriver: chrome on WINDOWS (1223f84a31af8ac29ab3ff99ddf20d91)] -> xpath: //button[normalize-space()='Customer Login']]
2023-05-25 16:05:611 INFO  CustomerPage :24 - Select customer from dropdown [[ChromeDriver: chrome on WINDOWS (1223f84a31af8ac29ab3ff99ddf20d91)] -> css selector: #userSelect]
2023-05-25 16:05:720 INFO  CustomerPage :29 - Click on login button [[ChromeDriver: chrome on WINDOWS (1223f84a31af8ac29ab3ff99ddf20d91)] -> xpath: //button[@type='submit']]
2023-05-25 16:05:739 INFO  CustomerLoginPage :33 - Verify Text from Webpage
2023-05-25 16:05:663 INFO  CustomerLoginPage :39 - Verify Text from Webpage
2023-05-25 16:05:884 INFO  CustomerLoginPage :45 - Click on Login Button [[ChromeDriver: chrome on WINDOWS (1223f84a31af8ac29ab3ff99ddf20d91)] -> xpath: //button[@class='btn logout']]
2023-05-25 16:05:892 INFO  CustomerLoginPage :49 - Verify Text from Webpage
2023-05-25 16:05:187 INFO  HomePage :23 - Click on Login Button [[ChromeDriver: chrome on WINDOWS (2db74ea10f344dd748a787150d91bd58)] -> xpath: //button[normalize-space()='Bank Manager Login']]
2023-05-25 16:05:542 INFO  BankManagerLoginPage :30 - Click on Open Account Button [[ChromeDriver: chrome on WINDOWS (2db74ea10f344dd748a787150d91bd58)] -> xpath: //button[normalize-space()='Open Account']]
2023-05-25 16:05:641 INFO  OpenAccountPage :29 - Select customer from dropdown [[ChromeDriver: chrome on WINDOWS (2db74ea10f344dd748a787150d91bd58)] -> css selector: #userSelect]
2023-05-25 16:05:831 INFO  OpenAccountPage :34 - Select currency from dropdown [[ChromeDriver: chrome on WINDOWS (2db74ea10f344dd748a787150d91bd58)] -> css selector: #currency]
2023-05-25 16:05:975 INFO  OpenAccountPage :39 - Click on process button [[ChromeDriver: chrome on WINDOWS (2db74ea10f344dd748a787150d91bd58)] -> xpath: //button[@type='submit']]
2023-05-25 16:05:862 INFO  HomePage :23 - Click on Login Button [[ChromeDriver: chrome on WINDOWS (33297ad6e22267d613a763244d2fde09)] -> xpath: //button[normalize-space()='Bank Manager Login']]
2023-05-25 16:05:737 INFO  BankManagerLoginPage :24 - Click on Add customer Button [[ChromeDriver: chrome on WINDOWS (33297ad6e22267d613a763244d2fde09)] -> xpath: //button[normalize-space()='Add Customer']]
2023-05-25 16:05:329 INFO  AddCustomerPage :32 - Send text to name field: [[ChromeDriver: chrome on WINDOWS (33297ad6e22267d613a763244d2fde09)] -> xpath: //input[@placeholder='First Name']]
2023-05-25 16:05:668 INFO  AddCustomerPage :38 - Send text to Lastname field: [[ChromeDriver: chrome on WINDOWS (33297ad6e22267d613a763244d2fde09)] -> xpath: //input[@placeholder='Last Name']]
2023-05-25 16:05:969 INFO  AddCustomerPage :44 - Send text to Postcode field: [[ChromeDriver: chrome on WINDOWS (33297ad6e22267d613a763244d2fde09)] -> xpath: //input[@placeholder='Post Code']]
2023-05-25 16:05:538 INFO  AddCustomerPage :49 - Click on add Customer Button [[ChromeDriver: chrome on WINDOWS (33297ad6e22267d613a763244d2fde09)] -> xpath: //button[@type='submit']]
2023-05-25 16:05:351 INFO  HomePage :29 - Click on Login Button [[ChromeDriver: chrome on WINDOWS (86214aabbf46ff6aff3f6f23f37449df)] -> xpath: //button[normalize-space()='Customer Login']]
2023-05-25 16:05:49 INFO  CustomerPage :24 - Select customer from dropdown [[ChromeDriver: chrome on WINDOWS (86214aabbf46ff6aff3f6f23f37449df)] -> css selector: #userSelect]
2023-05-25 16:05:199 INFO  CustomerPage :29 - Click on login button [[ChromeDriver: chrome on WINDOWS (86214aabbf46ff6aff3f6f23f37449df)] -> xpath: //button[@type='submit']]
2023-05-25 16:05:147 INFO  AccountPage :35 - Click on Deposit [[ChromeDriver: chrome on WINDOWS (86214aabbf46ff6aff3f6f23f37449df)] -> xpath: //button[normalize-space()='Deposit']]
2023-05-25 16:05:713 INFO  AccountPage :44 - Click on submit button[[ChromeDriver: chrome on WINDOWS (86214aabbf46ff6aff3f6f23f37449df)] -> xpath: //button[@type='submit']]
2023-05-25 16:05:728 INFO  CustomerLoginPage :54 - Verify Text from Webpage
2023-05-25 16:05:912 INFO  AccountPage :50 - Click on withdrawl button[[ChromeDriver: chrome on WINDOWS (86214aabbf46ff6aff3f6f23f37449df)] -> xpath: //button[normalize-space()='Withdrawl']]
2023-05-25 16:05:147 INFO  AccountPage :44 - Click on submit button[[ChromeDriver: chrome on WINDOWS (86214aabbf46ff6aff3f6f23f37449df)] -> xpath: //button[@type='submit']]
2023-05-25 16:05:155 INFO  AccountPage :54 - Verify the text message on webpage
2023-05-25 16:05:54 INFO  HomePage :23 - Click on Login Button [[ChromeDriver: chrome on WINDOWS (373647d394ee542dbcdf98010f69bdc5)] -> xpath: //button[normalize-space()='Bank Manager Login']]
2023-05-25 16:05:435 INFO  BankManagerLoginPage :30 - Click on Open Account Button [[ChromeDriver: chrome on WINDOWS (373647d394ee542dbcdf98010f69bdc5)] -> xpath: //button[normalize-space()='Open Account']]
2023-05-25 16:05:41 INFO  OpenAccountPage :29 - Select customer from dropdown [[ChromeDriver: chrome on WINDOWS (373647d394ee542dbcdf98010f69bdc5)] -> css selector: #userSelect]
2023-05-25 16:05:241 INFO  OpenAccountPage :34 - Select currency from dropdown [[ChromeDriver: chrome on WINDOWS (373647d394ee542dbcdf98010f69bdc5)] -> css selector: #currency]
2023-05-25 16:05:375 INFO  OpenAccountPage :39 - Click on process button [[ChromeDriver: chrome on WINDOWS (373647d394ee542dbcdf98010f69bdc5)] -> xpath: //button[@type='submit']]
